<?xml version="1.0" encoding="UTF-8"?>
<!-- Generated by org.testng.reporters.JUnitReportReporter -->
<testsuite hostname="DESKTOP-7O6QIK2" failures="0" tests="1" name="org.TestNG.Day1" time="0.010" errors="0" timestamp="2022-05-29T13:29:30 IST" skipped="0">
  <testcase classname="org.TestNG.Day1" name="MobileLoans" time="0.010"/>
  <system-out/>
</testsuite> <!-- org.TestNG.Day1 -->
