<?xml version="1.0" encoding="UTF-8"?>
<!-- Generated by org.testng.reporters.JUnitReportReporter -->
<testsuite hostname="DESKTOP-7O6QIK2" failures="0" tests="1" name="driver.Driver" time="9.033" errors="0" timestamp="2022-07-12T12:24:43 IST" skipped="0">
  <testcase classname="driver.Driver" name="getAutomationProperties" time="9.033"/>
  <system-out/>
</testsuite> <!-- driver.Driver -->
