<?xml version="1.0" encoding="UTF-8"?>
<!-- Generated by org.testng.reporters.JUnitReportReporter -->
<testsuite hostname="DESKTOP-7O6QIK2" failures="0" tests="1" name="com.seleniumPractice.JavaStrems" time="0.024" errors="0" timestamp="2022-05-22T13:15:19 IST" skipped="0">
  <testcase classname="com.seleniumPractice.JavaStrems" name="StreamCollect" time="0.024"/>
  <system-out/>
</testsuite> <!-- com.seleniumPractice.JavaStrems -->
